{
  "stats": {
    "suites": 1,
    "tests": 4,
    "passes": 4,
    "pending": 0,
    "failures": 0,
    "start": "2024-07-18T20:11:49.933Z",
    "end": "2024-07-18T20:11:54.041Z",
    "duration": 4108,
    "testsRegistered": 4,
    "passPercent": 100,
    "pendingPercent": 0,
    "other": 0,
    "hasOther": false,
    "skipped": 0,
    "hasSkipped": false
  },
  "results": [
    {
      "uuid": "8e46aa23-7dd0-428b-adf0-928a697bf0ed",
      "title": "",
      "fullFile": "cypress\\e2e\\trello_spec.cy.js",
      "file": "cypress\\e2e\\trello_spec.cy.js",
      "beforeHooks": [],
      "afterHooks": [],
      "tests": [],
      "suites": [
        {
          "uuid": "d814bfb2-ffdc-4d65-9df4-88dd50c2ef0b",
          "title": "Trello API Test Suite",
          "fullFile": "",
          "file": "",
          "beforeHooks": [],
          "afterHooks": [],
          "tests": [
            {
              "title": "Deve criar um board",
              "fullTitle": "Trello API Test Suite Deve criar um board",
              "timedOut": null,
              "duration": 1061,
              "state": "passed",
              "speed": "fast",
              "pass": true,
              "fail": false,
              "pending": false,
              "context": null,
              "code": "cy.request({\n  method: 'POST',\n  url: `https://api.trello.com/1/boards/?name=MyBoard&idWorkspace=${Cypress.env('TRELLO_WORKSPACE_ID')}&key=${Cypress.env('TRELLO_API_KEY')}&token=${Cypress.env('TRELLO_API_TOKEN')}`\n}).then(response => {\n  expect(response.status).to.eq(200);\n  boardId = response.body.id;\n  cy.log('Board ID:', boardId);\n  // Obter a primeira lista padrão criada no board\n  cy.request({\n    method: 'GET',\n    url: `https://api.trello.com/1/boards/${boardId}/lists?key=${Cypress.env('TRELLO_API_KEY')}&token=${Cypress.env('TRELLO_API_TOKEN')}`\n  }).then(response => {\n    expect(response.status).to.eq(200);\n    listId = response.body[0].id;\n    cy.log('List ID:', listId);\n  });\n});",
              "err": {},
              "uuid": "da4a800f-4947-499f-b743-afeec0c49349",
              "parentUUID": "d814bfb2-ffdc-4d65-9df4-88dd50c2ef0b",
              "isHook": false,
              "skipped": false
            },
            {
              "title": "Deve cadastrar um card",
              "fullTitle": "Trello API Test Suite Deve cadastrar um card",
              "timedOut": null,
              "duration": 350,
              "state": "passed",
              "speed": "fast",
              "pass": true,
              "fail": false,
              "pending": false,
              "context": null,
              "code": "cy.request({\n  method: 'POST',\n  url: `https://api.trello.com/1/cards?idList=${listId}&name=MyCard&key=${Cypress.env('TRELLO_API_KEY')}&token=${Cypress.env('TRELLO_API_TOKEN')}`\n}).then(response => {\n  expect(response.status).to.eq(200);\n  cardId = response.body.id;\n  cy.log('Card ID:', cardId);\n});",
              "err": {},
              "uuid": "ca1bf61a-b0c3-4645-bd19-a5879da695d5",
              "parentUUID": "d814bfb2-ffdc-4d65-9df4-88dd50c2ef0b",
              "isHook": false,
              "skipped": false
            },
            {
              "title": "Deve excluir um card",
              "fullTitle": "Trello API Test Suite Deve excluir um card",
              "timedOut": null,
              "duration": 931,
              "state": "passed",
              "speed": "fast",
              "pass": true,
              "fail": false,
              "pending": false,
              "context": null,
              "code": "cy.request({\n  method: 'DELETE',\n  url: `https://api.trello.com/1/cards/${cardId}?key=${Cypress.env('TRELLO_API_KEY')}&token=${Cypress.env('TRELLO_API_TOKEN')}`\n}).then(response => {\n  expect(response.status).to.eq(200);\n});",
              "err": {},
              "uuid": "343aa553-b768-48d8-932b-3e300b60a6c5",
              "parentUUID": "d814bfb2-ffdc-4d65-9df4-88dd50c2ef0b",
              "isHook": false,
              "skipped": false
            },
            {
              "title": "Deve excluir um board",
              "fullTitle": "Trello API Test Suite Deve excluir um board",
              "timedOut": null,
              "duration": 1351,
              "state": "passed",
              "speed": "fast",
              "pass": true,
              "fail": false,
              "pending": false,
              "context": null,
              "code": "cy.request({\n  method: 'DELETE',\n  url: `https://api.trello.com/1/boards/${boardId}?key=${Cypress.env('TRELLO_API_KEY')}&token=${Cypress.env('TRELLO_API_TOKEN')}`\n}).then(response => {\n  expect(response.status).to.eq(200);\n});",
              "err": {},
              "uuid": "556e8a18-9e07-49ff-86d7-018034fb0fda",
              "parentUUID": "d814bfb2-ffdc-4d65-9df4-88dd50c2ef0b",
              "isHook": false,
              "skipped": false
            }
          ],
          "suites": [],
          "passes": [
            "da4a800f-4947-499f-b743-afeec0c49349",
            "ca1bf61a-b0c3-4645-bd19-a5879da695d5",
            "343aa553-b768-48d8-932b-3e300b60a6c5",
            "556e8a18-9e07-49ff-86d7-018034fb0fda"
          ],
          "failures": [],
          "pending": [],
          "skipped": [],
          "duration": 3693,
          "root": false,
          "rootEmpty": false,
          "_timeout": 2000
        }
      ],
      "passes": [],
      "failures": [],
      "pending": [],
      "skipped": [],
      "duration": 0,
      "root": true,
      "rootEmpty": true,
      "_timeout": 2000
    }
  ],
  "meta": {
    "mocha": {
      "version": "7.0.1"
    },
    "mochawesome": {
      "options": {
        "quiet": false,
        "reportFilename": "mochawesome",
        "saveHtml": true,
        "saveJson": true,
        "consoleReporter": "spec",
        "useInlineDiffs": false,
        "code": true
      },
      "version": "7.1.3"
    },
    "marge": {
      "options": {
        "reportDir": "reports",
        "overwrite": true,
        "html": true,
        "json": true,
        "charts": true,
        "reportTitle": "Relatório Detalhado de Testes",
        "reportPageTitle": "Relatório de Testes API",
        "autoOpen": true
      },
      "version": "6.2.0"
    }
  }
}