{
  "stats": {
    "suites": 1,
    "tests": 4,
    "passes": 4,
    "pending": 0,
    "failures": 0,
    "start": "2024-07-18T21:55:22.104Z",
    "end": "2024-07-18T21:55:26.171Z",
    "duration": 4067,
    "testsRegistered": 4,
    "passPercent": 100,
    "pendingPercent": 0,
    "other": 0,
    "hasOther": false,
    "skipped": 0,
    "hasSkipped": false
  },
  "results": [
    {
      "uuid": "6795a0cd-0003-48f8-a0df-5d18154b6747",
      "title": "",
      "fullFile": "cypress\\e2e\\trello_spec.cy.js",
      "file": "cypress\\e2e\\trello_spec.cy.js",
      "beforeHooks": [],
      "afterHooks": [],
      "tests": [],
      "suites": [
        {
          "uuid": "451c09de-eb62-4c97-8659-672970370362",
          "title": "Trello API Test Suite",
          "fullFile": "",
          "file": "",
          "beforeHooks": [],
          "afterHooks": [],
          "tests": [
            {
              "title": "Deve criar um board",
              "fullTitle": "Trello API Test Suite Deve criar um board",
              "timedOut": null,
              "duration": 676,
              "state": "passed",
              "speed": "fast",
              "pass": true,
              "fail": false,
              "pending": false,
              "context": null,
              "code": "cy.request({\n  method: 'POST',\n  url: `https://api.trello.com/1/boards/?name=MyBoard&idWorkspace=${Cypress.env('TRELLO_WORKSPACE_ID')}&key=${Cypress.env('TRELLO_API_KEY')}&token=${Cypress.env('TRELLO_API_TOKEN')}`\n}).then(response => {\n  expect(response.status).to.eq(200);\n  boardId = response.body.id;\n  cy.log('Board ID:', boardId);\n  // Obter a primeira lista padrão criada no board\n  cy.request({\n    method: 'GET',\n    url: `https://api.trello.com/1/boards/${boardId}/lists?key=${Cypress.env('TRELLO_API_KEY')}&token=${Cypress.env('TRELLO_API_TOKEN')}`\n  }).then(response => {\n    expect(response.status).to.eq(200);\n    listId = response.body[0].id;\n    cy.log('List ID:', listId);\n  });\n});",
              "err": {},
              "uuid": "1458b457-aeea-4d58-a126-08c2d9a26893",
              "parentUUID": "451c09de-eb62-4c97-8659-672970370362",
              "isHook": false,
              "skipped": false
            },
            {
              "title": "Deve cadastrar um card",
              "fullTitle": "Trello API Test Suite Deve cadastrar um card",
              "timedOut": null,
              "duration": 390,
              "state": "passed",
              "speed": "fast",
              "pass": true,
              "fail": false,
              "pending": false,
              "context": null,
              "code": "cy.request({\n  method: 'POST',\n  url: `https://api.trello.com/1/cards?idList=${listId}&name=MyCard&key=${Cypress.env('TRELLO_API_KEY')}&token=${Cypress.env('TRELLO_API_TOKEN')}`\n}).then(response => {\n  expect(response.status).to.eq(200);\n  cardId = response.body.id;\n  cy.log('Card ID:', cardId);\n});",
              "err": {},
              "uuid": "00d351e0-dad9-4c92-921e-d2f5e925c7ca",
              "parentUUID": "451c09de-eb62-4c97-8659-672970370362",
              "isHook": false,
              "skipped": false
            },
            {
              "title": "Deve excluir um card",
              "fullTitle": "Trello API Test Suite Deve excluir um card",
              "timedOut": null,
              "duration": 684,
              "state": "passed",
              "speed": "fast",
              "pass": true,
              "fail": false,
              "pending": false,
              "context": null,
              "code": "cy.request({\n  method: 'DELETE',\n  url: `https://api.trello.com/1/cards/${cardId}?key=${Cypress.env('TRELLO_API_KEY')}&token=${Cypress.env('TRELLO_API_TOKEN')}`\n}).then(response => {\n  expect(response.status).to.eq(200);\n});",
              "err": {},
              "uuid": "c94d0010-37f6-459a-b39d-8178b28ad8fa",
              "parentUUID": "451c09de-eb62-4c97-8659-672970370362",
              "isHook": false,
              "skipped": false
            },
            {
              "title": "Deve excluir um board",
              "fullTitle": "Trello API Test Suite Deve excluir um board",
              "timedOut": null,
              "duration": 1589,
              "state": "passed",
              "speed": "fast",
              "pass": true,
              "fail": false,
              "pending": false,
              "context": null,
              "code": "cy.request({\n  method: 'DELETE',\n  url: `https://api.trello.com/1/boards/${boardId}?key=${Cypress.env('TRELLO_API_KEY')}&token=${Cypress.env('TRELLO_API_TOKEN')}`\n}).then(response => {\n  expect(response.status).to.eq(200);\n});",
              "err": {},
              "uuid": "78f3ab44-faac-470d-a7c7-7683fab30d4e",
              "parentUUID": "451c09de-eb62-4c97-8659-672970370362",
              "isHook": false,
              "skipped": false
            }
          ],
          "suites": [],
          "passes": [
            "1458b457-aeea-4d58-a126-08c2d9a26893",
            "00d351e0-dad9-4c92-921e-d2f5e925c7ca",
            "c94d0010-37f6-459a-b39d-8178b28ad8fa",
            "78f3ab44-faac-470d-a7c7-7683fab30d4e"
          ],
          "failures": [],
          "pending": [],
          "skipped": [],
          "duration": 3339,
          "root": false,
          "rootEmpty": false,
          "_timeout": 2000
        }
      ],
      "passes": [],
      "failures": [],
      "pending": [],
      "skipped": [],
      "duration": 0,
      "root": true,
      "rootEmpty": true,
      "_timeout": 2000
    }
  ],
  "meta": {
    "mocha": {
      "version": "7.0.1"
    },
    "mochawesome": {
      "options": {
        "quiet": false,
        "reportFilename": "mochawesome",
        "saveHtml": true,
        "saveJson": true,
        "consoleReporter": "spec",
        "useInlineDiffs": false,
        "code": true
      },
      "version": "7.1.3"
    },
    "marge": {
      "options": {
        "reportDir": "reports",
        "overwrite": true,
        "html": true,
        "json": true,
        "charts": true,
        "reportTitle": "Relatório Detalhado de Testes",
        "reportPageTitle": "Relatório de Testes API",
        "autoOpen": true
      },
      "version": "6.2.0"
    }
  }
}